2024-12-17 14:57:35,987 :INFO : test_MobileShop :details are entered and clicked on login
2024-12-17 14:57:36,102 :INFO : test_MobileShop :selected category as female
2024-12-17 14:57:38,308 :INFO : test_MobileShop :success message is shown
2024-12-17 14:57:39,973 :INFO : test_MobileShop :BlackBerry is selected successfully
2024-12-17 14:57:40,473 :INFO : test_MobileShop :India is added as a contry
2024-12-17 15:15:57,213 :INFO : test_MobileShop :details are entered and clicked on login
2024-12-17 15:15:57,339 :INFO : test_MobileShop :selected category as female
2024-12-17 15:15:59,467 :INFO : test_MobileShop :success message is shown
2024-12-17 15:16:01,462 :INFO : test_MobileShop :BlackBerry is selected successfully
2024-12-17 15:16:01,934 :INFO : test_MobileShop :India is added as a contry
2024-12-17 23:25:08,621 :INFO : test_MobileShop :details are entered and clicked on login
2024-12-17 23:25:08,785 :INFO : test_MobileShop :selected category as female
2024-12-17 23:25:11,117 :INFO : test_MobileShop :success message is shown
2024-12-17 23:25:12,591 :INFO : test_MobileShop :BlackBerry is selected successfully
2024-12-17 23:25:13,197 :INFO : test_MobileShop :India is added as a contry
2024-12-18 20:59:53,137 :INFO : test_MobileShop :details are entered and clicked on login
2024-12-18 20:59:53,440 :INFO : test_MobileShop :selected category as female
2024-12-18 20:59:55,663 :INFO : test_MobileShop :success message is shown
2024-12-18 20:59:57,639 :INFO : test_MobileShop :BlackBerry is selected successfully
2024-12-18 20:59:58,613 :INFO : test_MobileShop :India is added as a contry
2024-12-18 21:28:11,711 :INFO : test_MobileShop :details are entered and clicked on login
2024-12-18 21:28:11,826 :INFO : test_MobileShop :selected category as female
2024-12-18 21:28:14,079 :INFO : test_MobileShop :success message is shown
2024-12-18 21:28:16,250 :INFO : test_MobileShop :BlackBerry is selected successfully
2024-12-18 21:28:16,968 :INFO : test_MobileShop :India is added as a contry
2024-12-18 22:24:14,233 :INFO : test_MobileShop :details are entered and clicked on login
2024-12-18 22:24:14,375 :INFO : test_MobileShop :selected category as female
2024-12-18 22:24:16,671 :INFO : test_MobileShop :success message is shown
2024-12-18 22:24:18,509 :INFO : test_MobileShop :BlackBerry is selected successfully
2024-12-18 22:24:19,035 :INFO : test_MobileShop :India is added as a contry
2024-12-21 00:29:25,866 :INFO : test_MobileShop :details are entered and clicked on login
2024-12-21 00:29:26,084 :INFO : test_MobileShop :selected category as female
2024-12-21 00:29:28,368 :INFO : test_MobileShop :success message is shown
2024-12-21 00:29:30,876 :INFO : test_MobileShop :BlackBerry is selected successfully
2024-12-21 00:29:31,781 :INFO : test_MobileShop :India is added as a contry
2024-12-21 00:54:21,752 :INFO : test_MobileShop :details are entered and clicked on login
2024-12-21 00:54:21,868 :INFO : test_MobileShop :selected category as female
2024-12-21 00:54:24,024 :INFO : test_MobileShop :success message is shown
2024-12-21 00:54:25,606 :INFO : test_MobileShop :BlackBerry is selected successfully
2024-12-21 00:54:26,066 :INFO : test_MobileShop :India is added as a contry
2024-12-21 00:57:06,798 :INFO : test_MobileShop :details are entered and clicked on login
2024-12-21 00:57:06,938 :INFO : test_MobileShop :selected category as female
2024-12-21 00:57:09,274 :INFO : test_MobileShop :success message is shown
2024-12-21 00:57:11,757 :INFO : test_MobileShop :BlackBerry is selected successfully
2024-12-21 00:57:12,835 :INFO : test_MobileShop :India is added as a contry
2024-12-21 01:03:55,630 :INFO : test_MobileShop :details are entered and clicked on login
2024-12-21 01:03:55,761 :INFO : test_MobileShop :selected category as female
2024-12-21 01:03:58,007 :INFO : test_MobileShop :success message is shown
2024-12-21 01:04:00,104 :INFO : test_MobileShop :BlackBerry is selected successfully
2024-12-21 01:04:01,049 :INFO : test_MobileShop :India is added as a contry
2024-12-21 01:09:25,404 :INFO : test_MobileShop :details are entered and clicked on login
2024-12-21 01:09:25,576 :INFO : test_MobileShop :selected category as female
2024-12-21 01:09:27,751 :INFO : test_MobileShop :success message is shown
2024-12-21 01:09:29,616 :INFO : test_MobileShop :BlackBerry is selected successfully
2024-12-21 01:09:30,463 :INFO : test_MobileShop :India is added as a contry
2024-12-21 01:09:51,316 :INFO : test_MobileShop :details are entered and clicked on login
2024-12-21 01:09:51,443 :INFO : test_MobileShop :selected category as female
2024-12-21 01:09:53,614 :INFO : test_MobileShop :success message is shown
2024-12-21 01:09:55,282 :INFO : test_MobileShop :BlackBerry is selected successfully
2024-12-21 01:09:56,051 :INFO : test_MobileShop :India is added as a contry
2024-12-23 15:04:57,053 :INFO : test_MobileShop :details are entered and clicked on login
2024-12-23 15:04:57,190 :INFO : test_MobileShop :selected category as female
2024-12-23 15:04:59,334 :INFO : test_MobileShop :success message is shown
2024-12-23 15:05:01,931 :INFO : test_MobileShop :BlackBerry is selected successfully
2024-12-23 15:05:02,443 :INFO : test_MobileShop :India is added as a contry
